4839 72   4839 77 
4763 0   4763 50 
3981 56   3981 81.08 
4789 77   4789 1138 
3683 0   3683 50 
3658 0   3658 50 
4839 1138   4839 1433.8 
4839 1433.8   4839 1633 
4789 1138   4536 1432 
4839 1633   4839 1753 
4839 1753   4589 2248 
4536.65 1433.8   4536 1632 
4489 1432   4489 1632 
4489 1632   4489 1633 
2828 0   2828 50 
4029.97 1128   4029.97 1273.92 
3981 81.08   3882 1128 
4489 1633   4489 1753 
3882 1128   3882 1273.92 
4589 1772.92   4839 2250 
4839 2248   4839 1772.92 
4819.5 2660   4770 2749 
4489 1753   4338 2447 
4742 2749   4742 2911 
4789 3042   4767 3069 
4767 3069   4767 3119 
4839 1772.92   4509 3006 
4029.97 1273.92   3886.17 2418 
4509 3006   4509 3050 
3882 1273.92   3857 2400 
3862 2418   3862 2443.08 
3857 2400   3857 2447 
2828 50   2820 1446.42 
4353 3006   4350 3030 
4342 3030   4342 3050 
4338 2447   4338 3050 
3524 2400   3524 2447 
3524 2447   3513 2560 
3513 2560   3513 2580 
3493 2560   3493 2580 
2825 2048   2821.96 2399 
3647 2994   3647 3050 
3647 3050   3647 3069 
3647 3069   3647 3119 
3641 2997   3641 3117 
3524 2994   3521 2997 
2821.96 2399   2821.96 2134.52 
3521 2997   3521 3117 
2820 1446.42   2521 2399 
2521 2399   2521 2134.52 
2370 2399   2370 2134.52 
2340 1540   1675.97 2450 
1675.97 2450   1675.97 2595.92 
1528 2450   1528 2595.92 
330 1454   330 1634 
440 1643   440 1823 
0 0.9   0 1446.42 
0 1446.42   0 1454 
0 1454   0 1634 
110 1643   50 1704 
1528 2595.92   1417.17 3092 
0 1634   0 1704 
1393 3092   1393 3117.08 
81 1794   81 1819.08 
1393 3117.08   712 4406 
81 1819.08   50 2614 
0 1704   0 2614 
0 2614   0 3048 
81 3775   81 3150 
2821.96 2134.52   712 3781 
0 3048   0 3119 
706 3775   706 3150 
1337 4406   1337 3781 
4839 3042   4789 3042 
4770 2911   4742 2911 
4767 3069   4509 3050 
4789 3042   4509 3006 
4770 2749   4742 2749 
4353 3050   4350 3050 
4350 3050   4342 3050 
4342 3050   4338 3050 
4350 3030   4342 3030 
4509 3006   4353 3006 
4839 2250   4789 2250 
4789 2250   4839 1772.92 
4819.5 2660   4338 2447 
3647 3119   3641 3117 
4220 3099.5   3647 3069 
4589 2248   4839 2248 
4338 2447   3886.17 2443.08 
3886.17 2443.08   3862 2443.08 
3886.17 2418   3862 2418 
4839 2248   4489 1753 
4536.65 1633   4489 1633 
4536 1632   4489 1632 
3513 2580   3493 2580 
3513 2560   3493 2560 
4839 1433.8   4536.65 1433.8 
4839 1138   4789 1138 
3857 2400   3524 2400 
4536 1432   4489 1432 
3524 2400   2985.51 2399.12 
4489 1432   4029.97 1273.92 
2985.51 2399.12   2825 2399.12 
2825 2399.12   2821.96 2134.52 
4789 1138   4029.97 1128 
4489 1753   3882 1273.92 
4839 1772.92   2985.51 2048 
4029.97 1128   3882 1128 
3521 3117   2521 2134.52 
2521 2134.52   2520.48 2134.52 
2985.51 2048   2825 2048 
4839 77   4789 77 
4789 77   4768 72 
4839 1   4768 1 
2520.48 2134.52   2370 2134.52 
4768 1   4763 0 
2821.96 2399   2521 2399 
2521 2399   2520.48 2399 
1417.17 3117.08   1393 3117.08 
2520.48 2399   2370 2399 
712 4406   1337 4406 
1417.17 3092   1393 3092 
1337 4406   81 3150 
4005.17 81.08   3981 81.08 
4768 72   4005.17 56 
4005.17 56   3981 56 
1675.97 2450   1528 2450 
81 3150   706 3150 
3981 56   3683 50 
3683 50   3658 50 
4763 0   3683 0 
3683 0   3658 0 
81 3775   706 3775 
1393 3092   71 3048 
706 3775   0 3119 
71 3048   0 3048 
3658 0   2828 0 
50 2614   0 2614 
1528 2450   440 1823 
440 1643   330 1634 
110 1823   105.168 1819.08 
105.168 1819.08   81 1819.08 
105.168 1794   81 1794 
2340 1540   330 1454 
50 1704   0 1704 
110 1643   0 1634 
330 1454   0 1454 
2820 0.9   0 0.9 
0 3048   71 3048 
0 2614   50 2614 
706 3775   81 3775 
1337 4406   712 4406 
81 3775   1393 3117.08 
81 1819.08   105.168 1819.08 
1393 3117.08   1417.17 3117.08 
81 1794   105.168 1794 
1393 3092   1417.17 3092 
0 1704   50 1704 
110 1643   330 1634 
0 1454   330 1454 
50 2614   1528 2595.92 
1528 2450   1675.97 2450 
1675.97 2450   2370 2134.52 
2370 2134.52   2520.48 2134.52 
2520.48 2134.52   2521 2134.52 
2370 2399   2520.48 2399 
2520.48 2399   2521 2399 
712 4406   3521 3117 
3521 2997   3524 2994 
2825 2399.12   2985.51 2399.12 
2521 2399   2821.96 2399 
440 1643   2340 1540 
2825 2048   2985.51 2048 
3493 2560   3513 2560 
4220 3099.5   4338 3050 
4338 3050   4342 3050 
4342 3050   4350 3050 
4350 3050   4353 3050 
4342 3030   4350 3030 
2340 1540   2820 1446.42 
3857 2447   3862 2443.08 
3862 2443.08   3886.17 2443.08 
3524 2400   3857 2400 
3862 2418   3886.17 2418 
4353 3006   4509 3006 
4509 3050   4789 3042 
4789 3042   4839 3042 
4509 3006   4742 2911 
4742 2911   4770 2911 
4742 2749   4770 2749 
4338 2447   4839 1772.92 
4789 2250   4839 2250 
4839 1772.92   4589 1772.92 
2820 1446.42   3882 1273.92 
0 0.9   2820 0.9 
2820 0.9   2828 0 
3882 1128   4029.97 1128 
4489 1633   4536.65 1633 
4489 1632   4536 1632 
4839 2248   4589 2248 
4489 1432   4536 1432 
4536.65 1433.8   4839 1433.8 
3658 50   3683 50 
4029.97 1273.92   4789 1138 
2828 0   3658 0 
3658 0   3683 0 
4789 1138   4839 1138 
3981 81.08   4005.17 81.08 
3981 56   4005.17 56 
4005.17 81.08   4768 72 
4005.17 56   4763 50 
4789 77   4839 77 
3683 0   4763 0 
4768 1   4839 1 
4767 3119   4767 3069 
4789 3042   4770 2911 
4767 3069   4742 2911 
4509 3050   4509 3006 
4742 2911   4742 2749 
4353 3050   4350 3030 
4342 3050   4342 3030 
4839 2250   4589 1772.92 
4819.5 2660   4789 2250 
4742 2749   4839 1772.92 
4353 3006   4338 2447 
3647 3119   3647 3069 
3647 3069   3647 3050 
3647 3050   3647 2994 
3641 3117   3641 2997 
4589 2248   4839 1753 
3521 3117   3521 2997 
4839 1753   4839 1633 
4839 1772.92   4839 2248 
3862 2443.08   3862 2418 
4839 1633   4839 1433.8 
3862 2418   3857 2400 
4536.65 1633   4536 1632 
4489 1753   4489 1633 
4489 1633   4489 1632 
3521 2997   3513 2580 
3513 2580   3513 2560 
3493 2580   3493 2560 
4839 1433.8   4839 1138 
4536.65 1433.8   4536 1432 
3524 2447   3524 2400 
4489 1632   4489 1432 
4338 2447   4029.97 1273.92 
4029.97 1273.92   4029.97 1128 
3886.17 2418   3882 1273.92 
712 3781   712 4406 
3493 2560   2985.51 2048 
3882 1273.92   3882 1128 
2821.96 2134.52   2821.96 2399 
4839 77   4839 72 
4789 1138   4789 77 
4768 72   4763 50 
4763 50   4763 0 
2521 2134.52   2521 2399 
2370 2134.52   2370 2399 
1337 3781   1337 4406 
1393 3117.08   1393 3092 
1337 4406   81 3150 
2825 2048   2820 1446.42 
1675.97 2595.92   1675.97 2450 
4029.97 1128   4005.17 81.08 
3981 81.08   3981 56 
1528 2595.92   1528 2450 
2370 2399   2340 1540 
81 3150   81 3775 
3882 1128   3683 50 
3683 50   3683 0 
3658 50   3658 0 
706 3150   706 3775 
706 3775   71 3119 
0 3119   0 3048 
2828 50   2828 0 
2820 1446.42   2820 0.9 
71 3048   50 2614 
0 3048   0 2614 
81 3775   440 1823 
440 1823   440 1643 
110 1823   105.168 1794 
81 1819.08   81 1794 
330 1634   330 1454 
81 1794   50 1704 
0 2614   0 1704 
0 1704   0 1634 
0 1634   0 1454 
0 1454   0 1446.42 
0 1446.42   0 0.9 
1337 3781   1337 4406 
706 3150   706 3775 
71 3119   71 3048 
0 3048   0 2614 
81 3150   81 3775 
712 3781   712 4406 
50 2614   81 1819.08 
712 4406   1393 3117.08 
1337 4406   1393 3092 
105.168 1819.08   105.168 1794 
1417.17 3117.08   1417.17 3092 
0 1704   0 1634 
50 1704   110 1643 
0 1634   0 1454 
0 1454   0 1446.42 
440 1823   440 1643 
330 1634   330 1454 
1417.17 3092   1528 2595.92 
1528 2595.92   1528 2450 
1675.97 2595.92   1675.97 2450 
0 1446.42   0 0.9 
2520.48 2134.52   2520.48 2399 
2521 2134.52   2521 2399 
3521 3117   3521 2997 
3521 2997   3524 2994 
3647 3119   3647 3069 
3647 3069   3647 3050 
3647 3050   3647 2994 
2821.96 2134.52   2821.96 2399 
2821.96 2399   2825 2048 
1675.97 2450   2340 1540 
3493 2580   3493 2560 
2985.51 2399.12   2985.51 2048 
3513 2580   3513 2560 
3513 2560   3524 2447 
3524 2447   3524 2400 
4338 3050   4342 3030 
4350 3050   4350 3030 
4350 3030   4353 3006 
2521 2399   2820 1446.42 
3857 2447   3862 2418 
3886.17 2443.08   3886.17 2418 
4509 3050   4509 3006 
4767 3119   4767 3069 
4767 3069   4789 3042 
4509 3006   4742 2749 
4770 2911   4770 2749 
4353 3006   4839 1772.92 
4819.5 2660   4839 2250 
4839 2250   4589 1772.92 
3857 2400   3882 1273.92 
4338 2447   4489 1753 
3882 1273.92   3882 1128 
2820 1446.42   2828 50 
2828 50   2828 0 
4489 1753   4489 1633 
4489 1633   4489 1632 
4029.97 1273.92   4029.97 1128 
4589 1772.92   4589 2248 
4589 2248   4839 1753 
4536 1632   4536.65 1433.8 
4839 1753   4839 1633 
4839 1633   4839 1433.8 
4536 1432   4789 1138 
3658 50   3658 0 
3683 50   3683 0 
4839 1433.8   4839 1138 
3882 1128   3981 81.08 
4005.17 81.08   4005.17 56 
4489 1432   4768 72 
4839 1138   4839 77 
4763 50   4763 0 
4839 77   4839 72 
4839 72   4839 1 
0 1634   110 1643 
0 1704   50 1704 
0 1446.42   330 1454 
81 1794   105.168 1794 
81 1819.08   105.168 1819.08 
105.168 1819.08   110 1823 
330 1634   440 1643 
110 1823   440 1823 
0 2614   50 2614 
0 3048   71 3048 
0 3119   71 3119 
3658 0   3683 0 
2828 50   3658 50 
3658 50   3683 50 
71 3119   81 3775 
330 1454   2340 1540 
440 1823   1528 2450 
3683 50   3981 56 
3981 56   4005.17 56 
3981 81.08   4005.17 81.08 
1528 2595.92   1675.97 2595.92 
706 3150   81 3150 
81 3150   1337 4406 
1393 3092   1417.17 3092 
1393 3117.08   1417.17 3117.08 
2370 2399   2520.48 2399 
2520.48 2399   2521 2399 
4763 0   4768 1 
4768 1   4839 1 
4005.17 56   4768 72 
4768 72   4789 77 
4789 77   4839 77 
2370 2134.52   2520.48 2134.52 
2520.48 2134.52   2521 2134.52 
2825 2048   2985.51 2048 
1337 4406   712 4406 
2521 2134.52   2821.96 2134.52 
2821.96 2134.52   2825 2399.12 
3882 1273.92   4029.97 1273.92 
2825 2399.12   2985.51 2399.12 
1337 3781   712 3781 
4029.97 1273.92   4489 1432 
2985.51 2399.12   3524 2400 
4489 1432   4536 1432 
4789 1138   4839 1138 
1675.97 2450   3493 2560 
3493 2580   3513 2580 
2820 1446.42   4489 1632 
4489 1632   4536 1632 
4489 1633   4536.65 1633 
4536 1432   4839 1433.8 
3862 2418   3886.17 2418 
3862 2443.08   3886.17 2443.08 
4489 1753   4839 2248 
1675.97 2595.92   3524 2994 
4839 2248   4589 2248 
1417.17 3092   3521 3117 
3521 3117   3641 3117 
3641 3117   3647 3119 
3886.17 2443.08   4338 2447 
4839 1772.92   4789 2250 
4789 2250   4839 2250 
3647 3050   4220 3099.5 
4342 3030   4350 3030 
4338 3050   4342 3050 
4342 3050   4350 3050 
4350 3050   4353 3050 
4742 2749   4770 2749 
4353 3050   4509 3050 
4742 2911   4770 2911 
4509 3006   4789 3042 
4509 3050   4767 3069 
4789 3042   4839 3042 
4220 3099.5   4767 3119 
4839 1   4768 1 
4839 77   4789 77 
4763 50   4005.17 56 
4005.17 56   3981 56 
4768 72   4005.17 81.08 
4005.17 81.08   3981 81.08 
3683 0   3658 0 
4839 1138   4789 1138 
3683 50   3658 50 
4536 1432   4489 1432 
4536 1632   4489 1632 
4536.65 1633   4489 1633 
2828 0   2820 0.9 
4589 2248   4839 2248 
3658 50   2828 50 
4029.97 1273.92   3882 1273.92 
4839 2250   4789 2250 
4770 2749   4742 2749 
4839 1772.92   4338 2447 
4770 2911   4742 2911 
4839 3042   4789 3042 
4742 2911   4509 3006 
4839 2248   3886.17 2418 
4789 3042   4509 3050 
3886.17 2418   3862 2418 
3886.17 2443.08   3862 2443.08 
3862 2443.08   3857 2447 
3882 1273.92   2820 1446.42 
4742 2749   4353 3006 
4350 3030   4342 3030 
4509 3050   4353 3050 
4353 3050   4350 3050 
4350 3050   4342 3050 
4342 3050   4338 3050 
3513 2560   3493 2560 
3513 2580   3493 2580 
2820 1446.42   2340 1540 
2985.51 2048   2825 2048 
4220 3099.5   3647 3119 
3524 2994   3521 2997 
2985.51 2399.12   2825 2399.12 
3641 3117   3521 3117 
2825 2048   2521 2399 
2521 2399   2520.48 2399 
2520.48 2399   2370 2399 
2821.96 2134.52   2521 2134.52 
2521 2134.52   2520.48 2134.52 
2520.48 2134.52   2370 2134.52 
2370 2134.52   1675.97 2450 
3493 2580   1675.97 2595.92 
1675.97 2595.92   1528 2595.92 
2340 1540   440 1643 
330 1634   110 1643 
3521 2997   1417.17 3092 
1417.17 3092   1393 3092 
3521 3117   1417.17 3117.08 
50 1704   0 1704 
440 1823   110 1823 
105.168 1794   81 1794 
1417.17 3117.08   1393 3117.08 
105.168 1819.08   81 1819.08 
1393 3117.08   81 3775 
50 2614   0 2614 
712 4406   1337 4406 
81 3775   706 3775 
71 3119   0 3119 
712 3781   1337 3781 
81 3150   706 3150 
0 0.9   0 1446.42 
0 1446.42   0 1454 
0 1454   0 1634 
0 1634   0 1704 
50 1704   81 1794 
105.168 1794   105.168 1819.08 
110 1643   110 1823 
330 1454   330 1634 
440 1643   440 1823 
2828 0   2828 50 
0 2614   0 3048 
50 2614   71 3048 
71 3048   71 3119 
71 3119   706 3775 
3658 0   3658 50 
3683 0   3683 50 
440 1823   81 3775 
0 3119   706 3150 
4005.17 56   4005.17 81.08 
1528 2450   1528 2595.92 
1675.97 2450   1675.97 2595.92 
81 3775   81 3150 
81 3150   1337 4406 
2340 1540   2370 2399 
1417.17 3092   1417.17 3117.08 
4763 0   4763 50 
4763 50   4768 72 
2820 1446.42   2825 2048 
4839 1   4839 72 
4839 72   4839 77 
2520.48 2399   2520.48 2134.52 
2521 2399   2521 2134.52 
3683 50   3882 1128 
706 3150   1337 3781 
3882 1128   3882 1273.92 
4005.17 81.08   4029.97 1128 
2821.96 2399   2821.96 2134.52 
4029.97 1128   4029.97 1273.92 
2985.51 2048   2985.51 2399.12 
712 4406   712 3781 
4768 72   4789 1138 
4536 1432   4536.65 1433.8 
3524 2400   3524 2447 
4839 77   4839 1138 
3513 2560   3513 2580 
4489 1632   4489 1633 
4536 1632   4536.65 1633 
4489 1633   4489 1753 
4839 1138   4839 1433.8 
3857 2400   3862 2418 
3882 1273.92   3886.17 2418 
3886.17 2418   3886.17 2443.08 
4839 1433.8   4839 1633 
3513 2580   3524 2994 
4839 1633   4839 1753 
4839 1753   4589 2248 
3521 2997   3521 3117 
3647 2994   3647 3050 
3647 3050   3647 3069 
3647 3069   3647 3119 
4489 1753   4839 1772.92 
4589 2248   4589 1772.92 
4589 1772.92   4839 2250 
4338 2447   4353 3006 
4350 3030   4350 3050 
4353 3006   4353 3050 
4839 1772.92   4819.5 2660 
4509 3006   4509 3050 
4770 2749   4770 2911 
4770 2911   4789 3042 
4819.5 2660   4839 3042 
4767 3069   4767 3119 
