in while 1
2340 8260 2419.5 6743 
2340 8260 2654 9663 
2654 9663 2654 9608 
2654 9608 2653 10339 
2653 10339 2653 10634 
2653 10634 2969 10710 
2969 10710 2969 10758 
2969 10758 4746 10758 
4746 10758 4830 10759 
4830 10759 5451 10759 
5451 10759 5739 10759 
5739 10759 6420 10759 
6420 10759 6474 10759 
6474 10759 7088 10759 
7088 10759 7121 10759 
7121 10759 7620 10700 
E1、E2: 2340 8260 2654 9663 
2340 8260 2419.5 6743 
in while 2
2654 9663 2654 9608 
2654 9608 2653 10339 
2653 10339 2653 10634 
2653 10634 2969 10710 
2969 10710 2969 10758 
2969 10758 4746 10758 
4746 10758 4830 10759 
4830 10759 5451 10759 
5451 10759 5739 10759 
5739 10759 6420 10759 
6420 10759 6474 10759 
6474 10759 7088 10759 
7088 10759 7121 10759 
7121 10759 7620 10700 
2654 9663 2654 8260 
2654 8260 2419.5 8260 
2419.5 6743 2419.5 8260 
2419.5 8260 2340 8260 
E1、E2: 2654 9608 2653 10339 
2653 10339 2653 10634 
in while 3
2654 9663 2654 9608 
2653 10339 2653 10634 
2653 10634 2969 10710 
2969 10710 2969 10758 
2969 10758 4746 10758 
4746 10758 4830 10759 
4830 10759 5451 10759 
5451 10759 5739 10759 
5739 10759 6420 10759 
6420 10759 6474 10759 
6474 10759 7088 10759 
7088 10759 7121 10759 
7121 10759 7620 10700 
2654 9663 2654 8260 
2654 8260 2419.5 8260 
2419.5 6743 2419.5 8260 
2419.5 8260 2340 8260 
2654 9608 2654 10339 
2654 10339 2653 10339 
2653 10634 2653 10339 
E1、E2: 7121 10759 7620 10700 
7121 10759 7088 10759 
in while 4
2654 9663 2654 9608 
2653 10339 2653 10634 
2653 10634 2969 10710 
2969 10710 2969 10758 
2969 10758 4746 10758 
4746 10758 4830 10759 
4830 10759 5451 10759 
5451 10759 5739 10759 
5739 10759 6420 10759 
6420 10759 6474 10759 
6474 10759 7088 10759 
7088 10759 7121 10759 
2654 9663 2654 8260 
2654 8260 2419.5 8260 
2419.5 6743 2419.5 8260 
2419.5 8260 2340 8260 
2654 9608 2654 10339 
2654 10339 2653 10339 
2653 10634 2653 10339 
7620 10700 7121 10700 
7121 10700 7121 10759 
7088 10759 7121 10759 
E1、E2: 2653 10634 2969 10710 
2653 10634 2653 10339 
in while 5
2654 9663 2654 9608 
2653 10339 2653 10634 
2969 10710 2969 10758 
2969 10758 4746 10758 
4746 10758 4830 10759 
4830 10759 5451 10759 
5451 10759 5739 10759 
5739 10759 6420 10759 
6420 10759 6474 10759 
6474 10759 7088 10759 
7088 10759 7121 10759 
2654 9663 2654 8260 
2654 8260 2419.5 8260 
2419.5 6743 2419.5 8260 
2419.5 8260 2340 8260 
2654 9608 2654 10339 
2654 10339 2653 10339 
2653 10634 2653 10339 
7620 10700 7121 10700 
7121 10700 7121 10759 
7088 10759 7121 10759 
2969 10710 2969 10634 
2969 10634 2653 10634 
2653 10339 2653 10634 
E1、E2: 4746 10758 4830 10759 
4746 10758 2969 10758 
