 2.0234e+007 6.958e+006  2.0234e+007 7.708e+006  2.0352e+007 7.708e+006  2.0352e+007 6.958e+006 
 1.8918e+007 6.598e+006  1.8918e+007 7.198e+006  2.0234e+007 7.198e+006  2.0234e+007 6.598e+006 
 2.0234e+007 7.708e+006  2.0234e+007 7.198e+006  1.8558e+007 7.198e+006  1.8558e+007 7.708e+006 
 1.856e+007 6.6e+006  1.856e+007 7.194e+006  1.891e+007 7.194e+006  1.891e+007 6.6e+006 
 1.856e+007 4.626e+006  1.856e+007 6.594e+006  2.0086e+007 6.594e+006  2.0086e+007 4.626e+006 
 2.0086e+007 4.794e+006  2.0086e+007 5.492e+006  2.0338e+007 5.492e+006  2.0338e+007 4.794e+006 
 2.0238e+007 6.594e+006  2.0238e+007 5.492e+006  2.0086e+007 5.492e+006  2.0086e+007 6.594e+006 
 2.834e+006 0  2.834e+006 201992  3.03512e+006 201992  3.03512e+006 0 
 286000 2.08e+007  286000 2.1002e+007  487120 2.1002e+007  487120 2.08e+007 
 4.65e+006 548000  4.65e+006 678000  7.532e+006 678000  7.532e+006 548000 
 7.532e+006 1.858e+006  7.532e+006 2.294e+006  8.776e+006 2.294e+006  8.776e+006 1.858e+006 
 1.768e+006 678000  1.768e+006 1.858e+006  7.532e+006 1.858e+006  7.532e+006 678000 
 9.048e+006 60000  9.048e+006 190000  1.193e+007 190000  1.193e+007 60000 
 9.048e+006 190000  9.048e+006 1.858e+006  1.4812e+007 1.858e+006  1.4812e+007 190000 
 1.768e+006 1.858e+006  1.768e+006 2.424e+006  1.4812e+007 2.424e+006  1.4812e+007 1.858e+006 
 1.768e+006 2.424e+006  1.768e+006 2.554e+006  1.4186e+007 2.554e+006  1.4186e+007 2.424e+006 
 1.768e+006 2.554e+006  1.768e+006 5.146e+006  1.7068e+007 5.146e+006  1.7068e+007 2.554e+006 
 4.65e+006 5.146e+006  4.65e+006 5.276e+006  1.7068e+007 5.276e+006  1.7068e+007 5.146e+006 
 1.468e+006 5.276e+006  1.468e+006 7.022e+006  1.7068e+007 7.022e+006  1.7068e+007 5.276e+006 
 1.468e+006 7.022e+006  1.468e+006 7.152e+006  1.4186e+007 7.152e+006  1.4186e+007 7.022e+006 
 1.468e+006 7.152e+006  1.468e+006 7.23e+006  1.1304e+007 7.23e+006  1.1304e+007 7.152e+006 
 4.35e+006 7.23e+006  4.35e+006 7.64e+006  9.284e+006 7.64e+006  9.284e+006 7.23e+006 
 1.468e+006 7.23e+006  1.468e+006 7.51e+006  4.35e+006 7.51e+006  4.35e+006 7.23e+006 
 1.7168e+007 1.76e+006  1.7168e+007 3.886e+006  1.8674e+007 3.886e+006  1.8674e+007 1.76e+006 
 1.9226e+007 0  1.9226e+007 326000  2.35e+007 326000  2.35e+007 0 
 2.4424e+007 326000  2.4424e+007 2.956e+006  2.5714e+007 2.956e+006  2.5714e+007 326000 
 2.15e+007 4.726e+006  2.15e+007 5.434e+006  2.4424e+007 5.434e+006  2.4424e+007 4.726e+006 
 1.8674e+007 1.76e+006  1.8674e+007 4.406e+006  1.9226e+007 4.406e+006  1.9226e+007 1.76e+006 
 1.9226e+007 326000  1.9226e+007 4.406e+006  1.945e+007 4.406e+006  1.945e+007 326000 
 2.0226e+007 4.536e+006  2.0226e+007 4.726e+006  2.4424e+007 4.726e+006  2.4424e+007 4.536e+006 
 1.945e+007 326000  1.945e+007 4.536e+006  2.4424e+007 4.536e+006  2.4424e+007 326000 
 1.1048e+007 1.2872e+007  1.1048e+007 1.3112e+007  1.1548e+007 1.3112e+007  1.1548e+007 1.2872e+007 
 1.1048e+007 1.2772e+007  1.1048e+007 1.2872e+007  1.3048e+007 1.2872e+007  1.3048e+007 1.2772e+007 
 8.104e+006 1.2246e+007  8.104e+006 1.2772e+007  1.1048e+007 1.2772e+007  1.1048e+007 1.2246e+007 
 1.638e+007 1.1084e+007  1.638e+007 1.2772e+007  2.0064e+007 1.2772e+007  2.0064e+007 1.1084e+007 
 8.104e+006 1.2772e+007  8.104e+006 1.7624e+007  2.0064e+007 1.7624e+007  2.0064e+007 1.2772e+007 
 8.104e+006 1.7624e+007  8.104e+006 2.0662e+007  2.0666e+007 2.0662e+007  2.0666e+007 1.7624e+007 
 8.104e+006 2.0662e+007  8.104e+006 2.1122e+007  1.5712e+007 2.1122e+007  1.5712e+007 2.0662e+007 
 2.5504e+007 1.1062e+007  2.5504e+007 1.3662e+007  2.5686e+007 1.3662e+007  2.5686e+007 1.1062e+007 
 1.4242e+007 2.1336e+007  1.4242e+007 2.1518e+007  1.6248e+007 2.1518e+007  1.6248e+007 2.1336e+007 
 0 1.9956e+007  0 2.1186e+007  182000 2.1186e+007  182000 1.9956e+007 
 2.5858e+007 8.24e+006  2.5858e+007 9.596e+006  2.6038e+007 9.596e+006  2.6038e+007 8.24e+006 
 5.938e+006 2.142e+007  5.938e+006 2.1516e+007  9.492e+006 2.1516e+007  9.492e+006 2.142e+007 
 2.5808e+007 1.178e+006  2.5808e+007 3.036e+006  2.6038e+007 3.036e+006  2.6038e+007 1.178e+006 
 3.038e+006 352000  3.038e+006 582000  4.198e+006 582000  4.198e+006 352000 
 1.826e+006 352000  1.826e+006 582000  2.986e+006 582000  2.986e+006 352000 
 2.5856e+007 1.267e+007  2.5856e+007 1.3822e+007  2.6038e+007 1.3822e+007  2.6038e+007 1.267e+007 
 1.2948e+007 2.1288e+007  1.2948e+007 2.1518e+007  1.4176e+007 2.1518e+007  1.4176e+007 2.1288e+007 
 2.5856e+007 6.83e+006  2.5856e+007 8.19e+006  2.6038e+007 8.19e+006  2.6038e+007 6.83e+006 
 0 6.686e+006  0 8.226e+006  182000 8.226e+006  182000 6.686e+006 
 2.3584e+007 0  2.3584e+007 230000  2.4924e+007 230000  2.4924e+007 0 
 1.1478e+007 2.1288e+007  1.1478e+007 2.1518e+007  1.284e+007 2.1518e+007  1.284e+007 2.1288e+007 
 0 0  0 230000  730000 230000  730000 0 
 0 230000  0 1.334e+006  230000 1.334e+006  230000 230000 
 9.66e+006 2.1336e+007  9.66e+006 2.1518e+007  1.0902e+007 2.1518e+007  1.0902e+007 2.1336e+007 
 0 1.0686e+007  0 1.1786e+007  182000 1.1786e+007  182000 1.0686e+007 
 0 5.856e+006  0 6.572e+006  182000 6.572e+006  182000 5.856e+006 
 6.23e+006 0  6.23e+006 230000  7.406e+006 230000  7.406e+006 0 
 3.2e+006 0  3.2e+006 182000  4.458e+006 182000  4.458e+006 0 
 2.5856e+007 9.6e+006  2.5856e+007 1.1054e+007  2.6038e+007 1.1054e+007  2.6038e+007 9.6e+006 
 2.5808e+007 1.1108e+007  2.5808e+007 1.2608e+007  2.6038e+007 1.2608e+007  2.6038e+007 1.1108e+007 
 0 8.238e+006  0 1.0544e+007  230000 1.0544e+007  230000 8.238e+006 
 2.5856e+007 1.3956e+007  2.5856e+007 1.4976e+007  2.6038e+007 1.4976e+007  2.6038e+007 1.3956e+007 
 2.5506e+007 1.3912e+007  2.5506e+007 1.4848e+007  2.5688e+007 1.4848e+007  2.5688e+007 1.3912e+007 
 850000 0  850000 182000  2.602e+006 182000  2.602e+006 0 
 4.494e+006 0  4.494e+006 182000  6.204e+006 182000  6.204e+006 0 
 2.5808e+007 0  2.5808e+007 1.03e+006  2.6038e+007 1.03e+006  2.6038e+007 0 
 2.5808e+007 230000  2.5808e+007 0  2.4998e+007 0  2.4998e+007 230000 
 2.44692e+007 2.06476e+007  2.44692e+007 2.151e+007  2.60292e+007 2.151e+007  2.60292e+007 2.06476e+007 
 2.0124e+007 1.5352e+007  2.0124e+007 1.7524e+007  2.07252e+007 1.7524e+007  2.07252e+007 1.5352e+007 
 2.44103e+007 1.877e+007  2.44103e+007 2.06476e+007  2.60292e+007 2.06476e+007  2.60292e+007 1.877e+007 
 2.07252e+007 1.5352e+007  2.07252e+007 2.06476e+007  2.44103e+007 2.06476e+007  2.44103e+007 1.5352e+007 
 1.462e+007 1.2756e+007  1.462e+007 1.2656e+007  1.472e+007 1.2656e+007  1.472e+007 1.2756e+007 
 2.4568e+007 4.918e+006  2.4568e+007 4.818e+006  2.4728e+007 4.818e+006  2.4728e+007 4.918e+006 
 1.4464e+007 1.2756e+007  1.4464e+007 1.2656e+007  1.4624e+007 1.2656e+007  1.4624e+007 1.2756e+007 
 2.4442e+007 1.6964e+007  2.4442e+007 1.6864e+007  2.4602e+007 1.6864e+007  2.4602e+007 1.6964e+007 
 1.598e+006 3.114e+006  1.598e+006 3.014e+006  1.758e+006 3.014e+006  1.758e+006 3.114e+006 
 1.2866e+007 1.2854e+007  1.2866e+007 1.2754e+007  1.3026e+007 1.2754e+007  1.3026e+007 1.2854e+007 
 1.262e+006 1.7646e+007  1.262e+006 1.7546e+007  1.422e+006 1.7546e+007  1.422e+006 1.7646e+007 
 1.1062e+007 1.2324e+007  1.1062e+007 1.2224e+007  1.1222e+007 1.2224e+007  1.1222e+007 1.2324e+007 
 465712 1.1826e+007  465712 1.31434e+007  508096 1.31434e+007  508096 1.1826e+007 
 444416 1.1826e+007  444416 1.28179e+007  465712 1.28179e+007  465712 1.1826e+007 
 467712 1.3229e+007  467712 1.45464e+007  510096 1.45464e+007  510096 1.3229e+007 
 446416 1.3229e+007  446416 1.42209e+007  467712 1.42209e+007  467712 1.3229e+007 
 466064 1.4626e+007  466064 1.59434e+007  508448 1.59434e+007  508448 1.4626e+007 
 444768 1.4626e+007  444768 1.56179e+007  466064 1.56179e+007  466064 1.4626e+007 
 0 1.61313e+007  0 1.65644e+007  1.22042e+006 1.65644e+007  1.22042e+006 1.61313e+007 
 0 1.65644e+007  0 1.80424e+007  1.288e+006 1.80424e+007  1.288e+006 1.65644e+007 
 0 1.80424e+007  0 1.92044e+007  1.36816e+006 1.92044e+007  1.36816e+006 1.80424e+007 
 0 1.92044e+007  0 1.97612e+007  1.3e+006 1.97612e+007  1.3e+006 1.92044e+007 
 0 1.4469e+006  0 5.07681e+006  1.22042e+006 5.07681e+006  1.22042e+006 1.4469e+006 
 1.22042e+006 1.4469e+006  1.22042e+006 4.6437e+006  1.288e+006 4.6437e+006  1.288e+006 1.4469e+006 
 1.288e+006 2.0037e+006  1.288e+006 3.16566e+006  1.36816e+006 3.16566e+006  1.36816e+006 2.0037e+006 
 1.288e+006 1.4469e+006  1.288e+006 2.0037e+006  1.3e+006 2.0037e+006  1.3e+006 1.4469e+006 
 2.47382e+007 3.0906e+006  2.47382e+007 3.6474e+006  2.60382e+007 3.6474e+006  2.60382e+007 3.0906e+006 
 2.48178e+007 6.2874e+006  2.48178e+007 6.72051e+006  2.60382e+007 6.72051e+006  2.60382e+007 6.2874e+006 
 2.46701e+007 3.6474e+006  2.46701e+007 4.80937e+006  2.47502e+007 4.80937e+006  2.47502e+007 3.6474e+006 
 2.60382e+007 6.2874e+006  2.60382e+007 3.6474e+006  2.47502e+007 3.6474e+006  2.47502e+007 6.2874e+006 
 2.47382e+007 1.81833e+007  2.47382e+007 1.87401e+007  2.60382e+007 1.87401e+007  2.60382e+007 1.81833e+007 
 2.48178e+007 1.51102e+007  2.48178e+007 1.55433e+007  2.60382e+007 1.55433e+007  2.60382e+007 1.51102e+007 
 2.46701e+007 1.70214e+007  2.46701e+007 1.81833e+007  2.47502e+007 1.81833e+007  2.47502e+007 1.70214e+007 
 2.60382e+007 1.55433e+007  2.60382e+007 1.81833e+007  2.47502e+007 1.81833e+007  2.47502e+007 1.55433e+007 
 2.0398e+007 4.812e+006  2.0398e+007 9.548e+006  2.0802e+007 9.548e+006  2.0802e+007 4.812e+006 
 2.0802e+007 4.812e+006  2.0802e+007 9.82e+006  2.1356e+007 9.82e+006  2.1356e+007 4.812e+006 
 2.5666e+007 7.994e+006  2.5666e+007 1.0066e+007  2.567e+007 1.0066e+007  2.567e+007 7.994e+006 
 2.4526e+007 9.82e+006  2.4526e+007 1.0066e+007  2.5666e+007 1.0066e+007  2.5666e+007 9.82e+006 
 2.1356e+007 5.54e+006  2.1356e+007 9.82e+006  2.4544e+007 9.82e+006  2.4544e+007 5.54e+006 
 2.5666e+007 6.948e+006  2.5666e+007 9.82e+006  2.4544e+007 9.82e+006  2.4544e+007 6.948e+006 
 1.50429e+007 1.08812e+007  1.50429e+007 1.09467e+007  1.57841e+007 1.09467e+007  1.57841e+007 1.08812e+007 
 1.63459e+007 1.27471e+007  1.63459e+007 1.09467e+007  1.50429e+007 1.09467e+007  1.50429e+007 1.27471e+007 
 1.35849e+007 1.08872e+007  1.35849e+007 1.27585e+007  1.4441e+007 1.27585e+007  1.4441e+007 1.08872e+007 
 1.4441e+007 1.08872e+007  1.4441e+007 1.26573e+007  1.47428e+007 1.26573e+007  1.47428e+007 1.08872e+007 
 1.50252e+007 1.27518e+007  1.50252e+007 1.08872e+007  1.47428e+007 1.08872e+007  1.47428e+007 1.27518e+007 
 9.92392e+006 1.08752e+007  9.92392e+006 1.22176e+007  1.1791e+007 1.22176e+007  1.1791e+007 1.08752e+007 
 1.20507e+007 1.2022e+007  1.20507e+007 1.08752e+007  1.1791e+007 1.08752e+007  1.1791e+007 1.2022e+007 
 1.10709e+007 1.27471e+007  1.10709e+007 1.2858e+007  1.28575e+007 1.2858e+007  1.28575e+007 1.27471e+007 
 1.20614e+007 1.08792e+007  1.20614e+007 1.27471e+007  1.35722e+007 1.27471e+007  1.35722e+007 1.08792e+007 
 1.10709e+007 1.23363e+007  1.10709e+007 1.27471e+007  1.12351e+007 1.27471e+007  1.12351e+007 1.23363e+007 
 1.12351e+007 1.22276e+007  1.12351e+007 1.27471e+007  1.20614e+007 1.27471e+007  1.20614e+007 1.22276e+007 
 1.18078e+007 1.2032e+007  1.18078e+007 1.22276e+007  1.20614e+007 1.22276e+007  1.20614e+007 1.2032e+007 
 2.1698e+007 1.518e+007  2.1698e+007 1.5268e+007  2.3248e+007 1.5268e+007  2.3248e+007 1.518e+007 
 2.0168e+007 1.518e+007  2.0168e+007 1.5268e+007  2.1448e+007 1.5268e+007  2.1448e+007 1.518e+007 
 2.0798e+007 9.958e+006  2.0798e+007 1.0068e+007  2.3248e+007 1.0068e+007  2.3248e+007 9.958e+006 
 2.427e+007 1.0348e+007  2.427e+007 1.2558e+007  2.5376e+007 1.2558e+007  2.5376e+007 1.0348e+007 
 2.427e+007 1.2668e+007  2.427e+007 1.4878e+007  2.5376e+007 1.4878e+007  2.5376e+007 1.2668e+007 
 2.0168e+007 1.5158e+007  2.0168e+007 1.518e+007  2.3248e+007 1.518e+007  2.3248e+007 1.5158e+007 
 2.0168e+007 1.1202e+007  2.0168e+007 1.5158e+007  2.0798e+007 1.5158e+007  2.0798e+007 1.1202e+007 
 2.3376e+007 1.0068e+007  2.3376e+007 1.2558e+007  2.427e+007 1.2558e+007  2.427e+007 1.0068e+007 
 2.0798e+007 1.2668e+007  2.0798e+007 1.5158e+007  2.427e+007 1.5158e+007  2.427e+007 1.2668e+007 
 2.3376e+007 1.0068e+007  2.3376e+007 1.2668e+007  2.0798e+007 1.2668e+007  2.0798e+007 1.0068e+007 
 898000 1.2378e+007  898000 1.247e+007  2.424e+006 1.247e+007  2.424e+006 1.2378e+007 
 3.406e+006 1.2874e+007  3.406e+006 1.3486e+007  4.376e+006 1.3486e+007  4.376e+006 1.2874e+007 
 3.296e+006 1.3486e+007  3.296e+006 1.4332e+007  3.406e+006 1.4332e+007  3.406e+006 1.3486e+007 
 5.198e+006 1.3486e+007  5.198e+006 1.5022e+007  5.308e+006 1.5022e+007  5.308e+006 1.3486e+007 
 3.296e+006 1.2618e+007  3.296e+006 1.3486e+007  5.308e+006 1.3486e+007  5.308e+006 1.2618e+007 
 898000 1.247e+007  898000 1.2618e+007  3.296e+006 1.2618e+007  3.296e+006 1.247e+007 
 5.306e+006 1.2618e+007  5.306e+006 2.1268e+007  7.81e+006 2.1268e+007  7.81e+006 1.2618e+007 
 4.616e+006 1.2618e+007  4.616e+006 2.0678e+007  5.306e+006 2.0678e+007  5.306e+006 1.2618e+007 
 1.63e+006 1.691e+007  1.63e+006 1.9792e+007  4.616e+006 1.9792e+007  4.616e+006 1.691e+007 
 3.208e+006 1.2618e+007  3.208e+006 1.691e+007  4.616e+006 1.691e+007  4.616e+006 1.2618e+007 
 2.264e+006 1.2618e+007  2.264e+006 1.6788e+007  3.208e+006 1.6788e+007  3.208e+006 1.2618e+007 
 1.75e+006 1.2618e+007  1.75e+006 1.6818e+007  2.264e+006 1.6818e+007  2.264e+006 1.2618e+007 
 898000 1.2618e+007  898000 1.5792e+007  1.75e+006 1.5792e+007  1.75e+006 1.2618e+007 
 1.48821e+007 1.99928e+006  1.48821e+007 2.52609e+006  1.53566e+007 2.52609e+006  1.53566e+007 1.99928e+006 
 1.87136e+007 1.12751e+006  1.87136e+007 1.65432e+006  1.91881e+007 1.65432e+006  1.91881e+007 1.12751e+006 
 1.8706e+007 564000  1.8706e+007 1.09081e+006  1.91805e+007 1.09081e+006  1.91805e+007 564000 
 1.81745e+007 11280  1.81745e+007 538092  1.8649e+007 538092  1.8649e+007 11280 
 1.81741e+007 563280  1.81741e+007 1.09009e+006  1.86486e+007 1.09009e+006  1.86486e+007 563280 
 1.87062e+007 11512  1.87062e+007 538324  1.91806e+007 538324  1.91806e+007 11512 
 1.63665e+007 1.99928e+006  1.63665e+007 2.52609e+006  1.6841e+007 2.52609e+006  1.6841e+007 1.99928e+006 
 1.58711e+007 1.99951e+006  1.58711e+007 2.52632e+006  1.63456e+007 2.52632e+006  1.63456e+007 1.99951e+006 
 1.53767e+007 1.99951e+006  1.53767e+007 2.52632e+006  1.58512e+007 2.52632e+006  1.58512e+007 1.99951e+006 
 1.7194e+007 2.2714e+007  1.7194e+007 2.2604e+007  1.7084e+007 2.2604e+007  1.7084e+007 2.2714e+007 
 2.0358e+007 2.5886e+007  2.0358e+007 2.5776e+007  2.0248e+007 2.5776e+007  2.0248e+007 2.5886e+007 
 2.4668e+007 3.019e+007  2.4668e+007 3.008e+007  2.4558e+007 3.008e+007  2.4558e+007 3.019e+007 
 5.308e+006 1.9326e+007  5.308e+006 1.9216e+007  5.198e+006 1.9216e+007  5.198e+006 1.9326e+007 
 1.678e+006 1.7476e+007  1.678e+006 1.7366e+007  1.568e+006 1.7366e+007  1.568e+006 1.7476e+007 
 1.5154e+007 7.038e+006  1.5154e+007 7.148e+006  1.6254e+007 7.148e+006  1.6254e+007 7.038e+006 
 2.4278e+007 1.0216e+007  2.4278e+007 1.0326e+007  2.5378e+007 1.0326e+007  2.5378e+007 1.0216e+007 
 2.4276e+007 1.2558e+007  2.4276e+007 1.2668e+007  2.5376e+007 1.2668e+007  2.5376e+007 1.2558e+007 
 2.4272e+007 1.4918e+007  2.4272e+007 1.5028e+007  2.5372e+007 1.5028e+007  2.5372e+007 1.4918e+007 
 2.326e+006 7.516e+006  2.326e+006 7.626e+006  3.426e+006 7.626e+006  3.426e+006 7.516e+006 
 1.826e+006 5.156e+006  1.826e+006 5.266e+006  2.926e+006 5.266e+006  2.926e+006 5.156e+006 
 1.76e+006 4.884e+006  1.76e+006 4.774e+006  1.65e+006 4.774e+006  1.65e+006 4.884e+006 
 1.7192e+007 2.3422e+007  1.7192e+007 2.3312e+007  1.7082e+007 2.3312e+007  1.7082e+007 2.3422e+007 
 2.0358e+007 2.6588e+007  2.0358e+007 2.6478e+007  2.0248e+007 2.6478e+007  2.0248e+007 2.6588e+007 
 2.4664e+007 3.0888e+007  2.4664e+007 3.0778e+007  2.4554e+007 3.0778e+007  2.4554e+007 3.0888e+007 
 2.3266e+007 9.956e+006  2.3266e+007 1.0066e+007  2.4166e+007 1.0066e+007  2.4166e+007 9.956e+006 
 2.3376e+007 1.2558e+007  2.3376e+007 1.2668e+007  2.4276e+007 1.2668e+007  2.4276e+007 1.2558e+007 
 2.3326e+007 1.518e+007  2.3326e+007 1.529e+007  2.4226e+007 1.529e+007  2.4226e+007 1.518e+007 
 2.443e+007 -7.598e+006  2.443e+007 -7.708e+006  2.454e+007 -7.708e+006  2.454e+007 -7.598e+006 
 2.948e+006 5.154e+006  2.948e+006 5.264e+006  3.848e+006 5.264e+006  3.848e+006 5.154e+006 
 1.762e+006 5.998e+006  1.762e+006 5.888e+006  1.652e+006 5.888e+006  1.652e+006 5.998e+006 
 3.406e+006 1.6826e+007  3.406e+006 1.6716e+007  3.296e+006 1.6716e+007  3.296e+006 1.6826e+007 
 2.518e+006 1.6796e+007  2.518e+006 1.6906e+007  3.418e+006 1.6906e+007  3.418e+006 1.6796e+007 
 1.4224e+007 7.04e+006  1.4224e+007 7.15e+006  1.5124e+007 7.15e+006  1.5124e+007 7.04e+006 
 2.0248e+007 -1.0722e+007  2.0248e+007 -1.0832e+007  2.0358e+007 -1.0832e+007  2.0358e+007 -1.0722e+007 
 3.44e+006 7.518e+006  3.44e+006 7.628e+006  4.34e+006 7.628e+006  4.34e+006 7.518e+006 
 2.57407e+007 3.037e+006  2.57407e+007 3.06675e+006  2.57688e+007 3.06675e+006  2.57688e+007 3.037e+006 
 1.5874e+007 1.0562e+007  1.5874e+007 1.08446e+007  1.6204e+007 1.08446e+007  1.6204e+007 1.0562e+007 
 1.7168e+007 4.664e+006  1.7168e+007 4.94657e+006  1.74981e+007 4.94657e+006  1.74981e+007 4.664e+006 
 1.64866e+007 2.15081e+007  1.64866e+007 2.12255e+007  1.68167e+007 2.12255e+007  1.68167e+007 2.15081e+007 
 9.972e+006 7.462e+006  9.972e+006 7.65534e+006  1.02327e+007 7.65534e+006  1.02327e+007 7.462e+006 
 1.0232e+007 7.46e+006  1.0232e+007 7.26666e+006  1.04927e+007 7.26666e+006  1.04927e+007 7.46e+006 
 1.77097e+007 1.08038e+007  1.77097e+007 1.09971e+007  1.74489e+007 1.09971e+007  1.74489e+007 1.08038e+007 
 1.74489e+007 1.07984e+007  1.74489e+007 1.06051e+007  1.77097e+007 1.06051e+007  1.77097e+007 1.07984e+007 
 1.79717e+007 1.09964e+007  1.79717e+007 1.08031e+007  1.77109e+007 1.08031e+007  1.77109e+007 1.09964e+007 
 1.02349e+007 7.46364e+006  1.02349e+007 7.65698e+006  1.04956e+007 7.65698e+006  1.04956e+007 7.46364e+006 
 9.97e+006 7.268e+006  9.97e+006 7.46134e+006  1.02307e+007 7.46134e+006  1.02307e+007 7.268e+006 
 1.79737e+007 1.08058e+007  1.79737e+007 1.09991e+007  1.82344e+007 1.09991e+007  1.82344e+007 1.08058e+007 
 9.968e+006 7.26867e+006  9.968e+006 7.46201e+006  9.70726e+006 7.46201e+006  9.70726e+006 7.26867e+006 
 9.97e+006 7.46e+006  9.97e+006 7.65334e+006  9.70926e+006 7.65334e+006  9.70926e+006 7.46e+006 
 1.77117e+007 1.08025e+007  1.77117e+007 1.06091e+007  1.79724e+007 1.06091e+007  1.79724e+007 1.08025e+007 
 1.74437e+007 1.09938e+007  1.74437e+007 1.08004e+007  1.71829e+007 1.08004e+007  1.71829e+007 1.09938e+007 
 3.35418e+006 1.25943e+007  3.35418e+006 1.27579e+007  3.63421e+006 1.27579e+007  3.63421e+006 1.25943e+007 
 1.71319e+007 1.06078e+007  1.71319e+007 1.07714e+007  1.7412e+007 1.07714e+007  1.7412e+007 1.06078e+007 
 4.66802e+006 2.15181e+007  4.66802e+006 2.07585e+007  5.18795e+006 2.07585e+007  5.18795e+006 2.15181e+007 
 1.597e+007 2.0918e+007  1.597e+007 2.11182e+007  1.57695e+007 2.11182e+007  1.57695e+007 2.0918e+007 
 1.597e+007 2.0918e+007  1.597e+007 2.07178e+007  1.57695e+007 2.07178e+007  1.57695e+007 2.0918e+007 
 1.6172e+007 2.0918e+007  1.6172e+007 2.11182e+007  1.59715e+007 2.11182e+007  1.59715e+007 2.0918e+007 
 1.6172e+007 2.0918e+007  1.6172e+007 2.07178e+007  1.59715e+007 2.07178e+007  1.59715e+007 2.0918e+007 
 1.6374e+007 2.0918e+007  1.6374e+007 2.11182e+007  1.61735e+007 2.11182e+007  1.61735e+007 2.0918e+007 
 1.6374e+007 2.0918e+007  1.6374e+007 2.07178e+007  1.61735e+007 2.07178e+007  1.61735e+007 2.0918e+007 
 1.6776e+007 2.1118e+007  1.6776e+007 2.07176e+007  1.63748e+007 2.07176e+007  1.63748e+007 2.1118e+007 
 0 1.1818e+007  0 1.28739e+007  443616 1.28739e+007  443616 1.1818e+007 
 0 1.28739e+007  0 1.3216e+007  464064 1.3216e+007  464064 1.28739e+007 
 0 1.3218e+007  0 1.42739e+007  443616 1.42739e+007  443616 1.3218e+007 
 0 1.42739e+007  0 1.4616e+007  464064 1.4616e+007  464064 1.42739e+007 
 0 1.4618e+007  0 1.56739e+007  443616 1.56739e+007  443616 1.4618e+007 
 0 1.56739e+007  0 1.6016e+007  464064 1.6016e+007  464064 1.56739e+007 
 800000 1.98493e+007  800000 1.99093e+007  860000 1.99093e+007  860000 1.98493e+007 
 684000 1.98453e+007  684000 1.99053e+007  744000 1.99053e+007  744000 1.98453e+007 
 884000 1.98393e+007  884000 1.98993e+007  944000 1.98993e+007  944000 1.98393e+007 
 580000 1.98533e+007  580000 1.99133e+007  640000 1.99133e+007  640000 1.98533e+007 
 68000 5.34333e+006  68000 5.74487e+006  449120 5.74487e+006  449120 5.34333e+006 
 3.686e+006 1.23633e+007  3.686e+006 1.27649e+007  4.06712e+006 1.27649e+007  4.06712e+006 1.23633e+007 
 7.05e+006 1.21313e+007  7.05e+006 1.25329e+007  7.43112e+006 1.25329e+007  7.43112e+006 1.21313e+007 
 1.62561e+007 1.04906e+007  1.62561e+007 1.08921e+007  1.66373e+007 1.08921e+007  1.66373e+007 1.04906e+007 
 1.7168e+007 5.02733e+006  1.7168e+007 5.42887e+006  1.75491e+007 5.42887e+006  1.75491e+007 5.02733e+006 
 1.70217e+007 1.04932e+007  1.70217e+007 1.08948e+007  1.66406e+007 1.08948e+007  1.66406e+007 1.04932e+007 
 7.43794e+006 1.21332e+007  7.43794e+006 1.25348e+007  7.81906e+006 1.25348e+007  7.81906e+006 1.21332e+007 
 3.178e+006 2.1518e+007  3.178e+006 2.12139e+007  3.54203e+006 2.12139e+007  3.54203e+006 2.1518e+007 
