[ID 2823]
 9460 7445.5   10032 7445.5 
 9460 7445.5   10032 7445.5 
 9460 7445.5   4052 7445.5 
 10032 7445.5   10032 8812 
 10032 7445.5   10032 8812 
 10032 8812   10333 8812 
 10032 8812   10333 8812 
 10333 8812   10333 10331 
 10333 8812   10333 10331 
 10333 10331   10333 10755 
 10333 10331   10333 10755 
 10333 10755   12234.6 10755 
 10333 10755   12234.6 10755 
 4052 7445.5   4052 8812 
 12234.6 10755   12234.6 15095 
 12234.6 10755   13014.6 10755 
 4052 8812   2599 8812 
 13014.6 10755   25701.5 10755 
 2599 8812   2599 9663 
 2599 9608   2599 9663 
 2599 9608   2599 10339 
 2599 10339   2593.98 10339 
 2593.98 10339   2593.98 10759.1 
 2593.98 10759.1   2334.01 10759.1 
 12279 15040   12279 15444 
 12279 15040   12279 15095 
 12234.6 15095   12279 15095 
 2334.01 10759   2334.01 10759.1 
 2334.01 10759   1771.02 10759 
 12277 15444   12277 21380 
 12277 15444   12279 15444 
 1771.02 10759   1589 10759 
 1589 10759   1589 11620 
 1589 11620   183.5 11620 
 12277 21380   12897 21380 
 25701.5 10755   25701.5 11460 
