[ID 258]
(9080000,5160000),(8676000,5160000)
(8676000,5160000),(8676000,4894000)
(8676000,4894000),(8648000,4894000)
(8648000,4894000),(8648000,4839999)
(8648000,4839999),(8648000,4836000)
(8648000,4836000),(7772335,4836000)
(7772335,4836000),(7724000,4836000)
(7724000,4836000),(7724000,4800000)
(7724000,4800000),(7714000,4800000)
(7714000,4800000),(7048000,4800000)
(6760000,5165998),(6760000,4898000)
(6760000,5165998),(6760000,5184000)
(6760000,5165998),(6760000,4898000)
(7048000,4800000),(7048000,4793998)
(7048000,4793998),(7037000,4793998)
(7037000,4793998),(7026000,4793998)
(7026000,4796999),(7026000,4793998)
(7026000,4796999),(6760000,4796999)
(6760000,4898000),(6760000,4796999)
(6760000,4898000),(5560000,4898000)
(5560000,4898000),(5560000,4520000)
(5560000,4520000),(5320000,4520000)
