 7.042e+006 5.994e+006  7.042e+006 6.234e+006  7.28201e+006 6.234e+006  7.28201e+006 5.994e+006 
 7.048e+006 4.8e+006  7.048e+006 4.894e+006  7.714e+006 4.894e+006  7.714e+006 4.8e+006 
 7.294e+006 4.894e+006  7.294e+006 6.1e+006  8.676e+006 6.1e+006  8.676e+006 4.894e+006 
 7.048e+006 4.894e+006  7.048e+006 5.988e+006  7.294e+006 5.988e+006  7.294e+006 4.894e+006 
 6.986e+006 5.12e+006  6.986e+006 5.16e+006  7.026e+006 5.16e+006  7.026e+006 5.12e+006 
 7.294e+006 6.138e+006  7.294e+006 6.238e+006  9.534e+006 6.238e+006  9.534e+006 6.138e+006 
 2.674e+006 8.812e+006  2.674e+006 7.562e+006  1.424e+006 7.562e+006  1.424e+006 8.812e+006 
 1.412e+006 7.55e+006  1.412e+006 6.3e+006  162000 6.3e+006  162000 7.55e+006 
 9.578e+006 4.5e+006  9.578e+006 6.084e+006  9.678e+006 6.084e+006  9.678e+006 4.5e+006 
 7.366e+006 0  7.366e+006 100000  9.526e+006 100000  9.526e+006 0 
 9.578e+006 154000  9.578e+006 2.276e+006  9.678e+006 2.276e+006  9.678e+006 154000 
 0 3.408e+006  0 5.228e+006  100000 5.228e+006  100000 3.408e+006 
 5.656e+006 0  5.656e+006 100000  7.316e+006 100000  7.316e+006 0 
 8.978e+006 2.864e+006  8.978e+006 3.264e+006  9.072e+006 3.264e+006  9.072e+006 2.864e+006 
 0 2.908e+006  0 3.268e+006  660000 3.268e+006  660000 2.908e+006 
 220000 3.286e+006  220000 3.646e+006  880000 3.646e+006  880000 3.286e+006 
 0 1800  0 2.89284e+006  5.64e+006 2.89284e+006  5.64e+006 1800 
 9.484e+006 5.498e+006  9.484e+006 5.822e+006  9.54e+006 5.822e+006  9.54e+006 5.498e+006 
 0 6.096e+006  0 6.238e+006  142000 6.238e+006  142000 6.096e+006 
 9.536e+006 2000  9.536e+006 144000  9.678e+006 144000  9.678e+006 2000 
 9.0733e+006 2.8676e+006  9.0733e+006 3.266e+006  9.678e+006 3.266e+006  9.678e+006 2.8676e+006 
 8.978e+006 3.266e+006  8.978e+006 3.506e+006  9.678e+006 3.506e+006  9.678e+006 3.266e+006 
 5.65e+006 4.096e+006  5.65e+006 4.79824e+006  5.97102e+006 4.79824e+006  5.97102e+006 4.096e+006 
 7.962e+006 112000  7.962e+006 162160  8.01034e+006 162160  8.01034e+006 112000 
 162000 3.588e+006  162000 3.63816e+006  210336 3.63816e+006  210336 3.588e+006 
 7.724e+006 4.836e+006  7.724e+006 4.88616e+006  7.77234e+006 4.88616e+006  7.77234e+006 4.836e+006 
 2.786e+006 6.184e+006  2.786e+006 6.23416e+006  2.83434e+006 6.23416e+006  2.83434e+006 6.184e+006 
 9.678e+006 4.496e+006  9.678e+006 3.54584e+006  9.178e+006 3.54584e+006  9.178e+006 4.496e+006 
 5.042e+006 4.798e+006  5.042e+006 4.26904e+006  5.64392e+006 4.26904e+006  5.64392e+006 4.798e+006 
 4.74e+006 4.798e+006  4.74e+006 4.26904e+006  5.04096e+006 4.26904e+006  5.04096e+006 4.798e+006 
 3.056e+006 4.9e+006  3.056e+006 5.19184e+006  3.35194e+006 5.19184e+006  3.35194e+006 4.9e+006 
 7.764e+006 2.256e+006  7.764e+006 2.54784e+006  8.05994e+006 2.54784e+006  8.05994e+006 2.256e+006 
 8.706e+006 6.012e+006  8.706e+006 6.1e+006  9.018e+006 6.1e+006  9.018e+006 6.012e+006 
 8.684e+006 6.06e+006  8.684e+006 6.1e+006  8.7e+006 6.1e+006  8.7e+006 6.06e+006 
