[ID 2305]
 3615 5301   3615 5184.28 
 3615 5301   3615 5184.28 
 3615 5301   3615 5184.28 
 3615 5184.28   5054.68 5184.28 
 3615 5184.28   874.072 5184.28 
 3615 5184.28   5054.68 5184.28 
 5054.68 5184.28   5054.68 4464 
 5054.68 5184.28   5054.68 4464 
 5054.68 4464   6219.11 4464 
 5054.68 4464   6219.11 4464 
 6100 5300   6219.11 5300 
 6100 5300   6100 9940 
 6219.11 5300   12260 5300 
 6219.11 5300   6219.11 4464 
 6219.11 5300   6219.11 4464 
 874.072 5184.28   874.072 4871.28 
 874.072 4871.28   822.936 4871.28 
 822.936 4871.28   330 4871.28 
 330 5210.72   330 4871.28 
 330 5210.72   100 5210.72 
