[ID 564]
 2340 1540   2820 1540 
 2820 1540   2820 2048 
 2820 2048   2825 2048 
 2825 2048   2985.51 2048 
 2985.51 2048   3493 2048 
 3493 2048   3493 2560 
 3493 2560   3493 2580 
 3493 2580   3513 2580 
 3513 2580   3513 2997 
 3513 2997   3521 2997 
 3521 2997   3521 3117 
 3521 3117   3641 3117 
 3641 3117   3647 3117 
 3647 3117   3647 3119 
 3647 3119   4220 3119 
 4220 3099.5   4220 3119 
 4220 3099.5   4338 3099.5 
 4353 3006   4353 3050 
 4353 3006   4509 3006 
 4338 3050   4338 3099.5 
 4338 3050   4342 3050 
 4342 3050   4350 3050 
 4350 3050   4353 3050 
 4509 2911   4509 3006 
 4509 2911   4742 2911 
 4819.5 2660   4819.5 2749 
 4770 2749   4770 2911 
 4770 2749   4819.5 2749 
 4742 2911   4770 2911 
