[ID 0]
 780 4780   1735.01 4780 
 1735.01 4780   1735.01 4316.37 
 1735.01 4316.37   3084.77 4316.37 
 3084.77 4316.37   4028.64 4316.37 
 4028.64 4316.37   4028.64 3840.77 
 4028.64 3840.77   4801 3840.77 
 4801 3840.77   5182 3840.77 
 4991.56 3840.77   5182 3840.77 
 4991.56 3840.77   5340 3840.77 
 5340 4140   5340 3840.77 
[ID 1]
 780 4780   1735.01 4780 
 1735.01 4780   1735.01 4316.37 
 1735.01 4316.37   3084.77 4316.37 
 3084.77 4316.37   4028.64 4316.37 
 4028.64 4316.37   4028.64 3840.77 
 4028.64 3840.77   4801 3840.77 
 4801 3840.77   5182 3840.77 
 4991.56 3840.77   5182 3840.77 
 4991.56 3840.77   5340 3840.77 
 5340 4140   5340 3840.77 
[ID 2]
 4540 4580   4540 4316.37 
 4540 4316.37   4028.64 4316.37 
 4028.64 4316.37   3084.77 4316.37 
 3084.77 4316.37   1735.01 4316.37 
 1735.01 4780   780 4780 
 1735.01 4780   1735.01 4316.37 
